Attention: Next.js now collects completely anonymous telemetry regarding usage.
This information is used to shape Next.js' roadmap and prioritize features.
You can learn more, including how to opt-out if you'd not like to participate in this anonymous program, by visiting the following URL:
https://nextjs.org/telemetry

  ▲ Next.js 14.2.5

   Creating an optimized production build ...
Failed to fetch font `Inter`.
URL: https://fonts.googleapis.com/css2?family=Inter:wght@100..900&display=swap

Please check if the network is available.

Retrying 1/3...
Failed to fetch font `Inter`.
URL: https://fonts.googleapis.com/css2?family=Inter:wght@100..900&display=swap

Please check if the network is available.

Retrying 2/3...
Failed to fetch font `Inter`.
URL: https://fonts.googleapis.com/css2?family=Inter:wght@100..900&display=swap

Please check if the network is available.

Retrying 3/3...
Error [NextFontError]: Failed to fetch font `Inter`.
URL: https://fonts.googleapis.com/css2?family=Inter:wght@100..900&display=swap

Please check if the network is available.
    at nextFontError (/sessions/eager-trusting-hawking/mnt/Music Festival Dashboard/festival-analyzer/frontend/node_modules/next/dist/compiled/@next/font/dist/next-font-error.js:8:17)
    at /sessions/eager-trusting-hawking/mnt/Music Festival Dashboard/festival-analyzer/frontend/node_modules/next/dist/compiled/@next/font/dist/google/fetch-css-from-google-fonts.js:58:53
    at process.processTicksAndRejections (node:internal/process/task_queues:105:5)
    at async retry (/sessions/eager-trusting-hawking/mnt/Music Festival Dashboard/festival-analyzer/frontend/node_modules/next/dist/compiled/@next/font/dist/google/retry.js:11:12)
    at async fetchCSSFromGoogleFonts (/sessions/eager-trusting-hawking/mnt/Music Festival Dashboard/festival-analyzer/frontend/node_modules/next/dist/compiled/@next/font/dist/google/fetch-css-from-google-fonts.js:38:23)
    at async nextFontGoogleFontLoader (/sessions/eager-trusting-hawking/mnt/Music Festival Dashboard/festival-analyzer/frontend/node_modules/next/dist/compiled/@next/font/dist/google/loader.js:76:15)
    at async Span.traceAsyncFn (/sessions/eager-trusting-hawking/mnt/Music Festival Dashboard/festival-analyzer/frontend/node_modules/next/dist/trace/trace.js:154:20)
    at async /sessions/eager-trusting-hawking/mnt/Music Festival Dashboard/festival-analyzer/frontend/node_modules/next/dist/build/webpack/loaders/next-font-loader/index.js:76:87
    at async Span.traceAsyncFn (/sessions/eager-trusting-hawking/mnt/Music Festival Dashboard/festival-analyzer/frontend/node_modules/next/dist/trace/trace.js:154:20)
<w> [webpack.cache.PackFileCacheStrategy/webpack.FileSystemInfo] Managed item /sessions/eager-trusting-hawking/mnt/Music Festival Dashboard/festival-analyzer/frontend/node_modules/@next/swc-linux-x64-gnu isn't a directory or doesn't contain a package.json (see snapshot.managedPaths option)
<w> [webpack.cache.PackFileCacheStrategy/webpack.FileSystemInfo] Managed item /sessions/eager-trusting-hawking/mnt/Music Festival Dashboard/festival-analyzer/frontend/node_modules/@next/swc-darwin-arm64 isn't a directory or doesn't contain a package.json (see snapshot.managedPaths option)
<w> [webpack.cache.PackFileCacheStrategy/webpack.FileSystemInfo] Managed item /sessions/eager-trusting-hawking/mnt/Music Festival Dashboard/festival-analyzer/frontend/node_modules/@next/swc-win32-ia32-msvc isn't a directory or doesn't contain a package.json (see snapshot.managedPaths option)
<w> [webpack.cache.PackFileCacheStrategy/webpack.FileSystemInfo] Managed item /sessions/eager-trusting-hawking/mnt/Music Festival Dashboard/festival-analyzer/frontend/node_modules/@next/swc-win32-x64-msvc isn't a directory or doesn't contain a package.json (see snapshot.managedPaths option)
<w> [webpack.cache.PackFileCacheStrategy/webpack.FileSystemInfo] Managed item /sessions/eager-trusting-hawking/mnt/Music Festival Dashboard/festival-analyzer/frontend/node_modules/@next/swc-linux-arm64-musl isn't a directory or doesn't contain a package.json (see snapshot.managedPaths option)
<w> [webpack.cache.PackFileCacheStrategy/webpack.FileSystemInfo] Managed item /sessions/eager-trusting-hawking/mnt/Music Festival Dashboard/festival-analyzer/frontend/node_modules/@next/swc-darwin-x64 isn't a directory or doesn't contain a package.json (see snapshot.managedPaths option)
<w> [webpack.cache.PackFileCacheStrategy/webpack.FileSystemInfo] Managed item /sessions/eager-trusting-hawking/mnt/Music Festival Dashboard/festival-analyzer/frontend/node_modules/@next/swc-win32-arm64-msvc isn't a directory or doesn't contain a package.json (see snapshot.managedPaths option)
<w> [webpack.cache.PackFileCacheStrategy/webpack.FileSystemInfo] Managed item /sessions/eager-trusting-hawking/mnt/Music Festival Dashboard/festival-analyzer/frontend/node_modules/@next/swc-linux-x64-musl isn't a directory or doesn't contain a package.json (see snapshot.managedPaths option)
Failed to compile.

app/layout.tsx
`next/font` error:
Failed to fetch `Inter` from Google Fonts.


> Build failed because of webpack errors
